<?xml version="1.0" encoding="UTF-8"?>
<coverage generated="1596377148203" clover="3.2.0">
  <project timestamp="1596377148203" name="All files">
    <metrics statements="25" coveredstatements="25" conditionals="6" coveredconditionals="6" methods="2" coveredmethods="2" elements="33" coveredelements="33" complexity="0" loc="25" ncloc="25" packages="1" files="1" classes="1"/>
    <file name="validator.js" path="C:\Users\Estudiante\Documents\LIM013-card-validation\LIM013-card-validation\src\validator.js">
      <metrics statements="25" coveredstatements="25" conditionals="6" coveredconditionals="6" methods="2" coveredmethods="2"/>
      <line num="28" count="1" type="stmt"/>
      <line num="30" count="3" type="stmt"/>
      <line num="31" count="3" type="stmt"/>
      <line num="32" count="3" type="stmt"/>
      <line num="33" count="3" type="stmt"/>
      <line num="34" count="3" type="stmt"/>
      <line num="35" count="3" type="stmt"/>
      <line num="45" count="3" type="cond" truecount="2" falsecount="0"/>
      <line num="46" count="2" type="stmt"/>
      <line num="47" count="32" type="cond" truecount="2" falsecount="0"/>
      <line num="48" count="16" type="stmt"/>
      <line num="50" count="16" type="stmt"/>
      <line num="57" count="3" type="stmt"/>
      <line num="58" count="3" type="stmt"/>
      <line num="60" count="3" type="stmt"/>
      <line num="61" count="39" type="stmt"/>
      <line num="64" count="3" type="cond" truecount="2" falsecount="0"/>
      <line num="65" count="2" type="stmt"/>
      <line num="69" count="1" type="stmt"/>
      <line num="73" count="3" type="stmt"/>
      <line num="78" count="3" type="stmt"/>
      <line num="79" count="3" type="stmt"/>
      <line num="81" count="3" type="stmt"/>
      <line num="82" count="18" type="stmt"/>
      <line num="84" count="3" type="stmt"/>
    </file>
  </project>
</coverage>
