{"C:\\Users\\Estudiante\\Documents\\LIM013-card-validation\\LIM013-card-validation\\src\\validator.js": {"path":"C:\\Users\\Estudiante\\Documents\\LIM013-card-validation\\LIM013-card-validation\\src\\validator.js","statementMap":{"0":{"start":{"line":28,"column":22},"end":{"line":86,"column":7}},"1":{"start":{"line":30,"column":32},"end":{"line":30,"column":52}},"2":{"start":{"line":31,"column":18},"end":{"line":31,"column":19}},"3":{"start":{"line":32,"column":25},"end":{"line":32,"column":27}},"4":{"start":{"line":33,"column":25},"end":{"line":33,"column":27}},"5":{"start":{"line":34,"column":25},"end":{"line":34,"column":34}},"6":{"start":{"line":35,"column":24},"end":{"line":35,"column":29}},"7":{"start":{"line":45,"column":12},"end":{"line":53,"column":9}},"8":{"start":{"line":46,"column":11},"end":{"line":52,"column":12}},"9":{"start":{"line":46,"column":23},"end":{"line":46,"column":49}},"10":{"start":{"line":47,"column":14},"end":{"line":51,"column":15}},"11":{"start":{"line":48,"column":17},"end":{"line":48,"column":55}},"12":{"start":{"line":50,"column":17},"end":{"line":50,"column":72}},"13":{"start":{"line":57,"column":8},"end":{"line":57,"column":51}},"14":{"start":{"line":58,"column":8},"end":{"line":58,"column":51}},"15":{"start":{"line":60,"column":8},"end":{"line":62,"column":9}},"16":{"start":{"line":60,"column":20},"end":{"line":60,"column":21}},"17":{"start":{"line":61,"column":11},"end":{"line":61,"column":42}},"18":{"start":{"line":64,"column":8},"end":{"line":71,"column":9}},"19":{"start":{"line":65,"column":11},"end":{"line":65,"column":28}},"20":{"start":{"line":69,"column":11},"end":{"line":69,"column":29}},"21":{"start":{"line":73,"column":8},"end":{"line":73,"column":25}},"22":{"start":{"line":78,"column":31},"end":{"line":78,"column":48}},"23":{"start":{"line":79,"column":27},"end":{"line":79,"column":29}},"24":{"start":{"line":81,"column":8},"end":{"line":83,"column":7}},"25":{"start":{"line":81,"column":20},"end":{"line":81,"column":21}},"26":{"start":{"line":82,"column":8},"end":{"line":82,"column":28}},"27":{"start":{"line":84,"column":8},"end":{"line":84,"column":89}}},"fnMap":{"0":{"name":"(anonymous_0)","decl":{"start":{"line":29,"column":14},"end":{"line":29,"column":15}},"loc":{"start":{"line":29,"column":30},"end":{"line":74,"column":7}},"line":29},"1":{"name":"(anonymous_1)","decl":{"start":{"line":76,"column":14},"end":{"line":76,"column":15}},"loc":{"start":{"line":76,"column":30},"end":{"line":85,"column":7}},"line":76}},"branchMap":{"0":{"loc":{"start":{"line":45,"column":12},"end":{"line":53,"column":9}},"type":"if","locations":[{"start":{"line":45,"column":12},"end":{"line":53,"column":9}},{"start":{"line":45,"column":12},"end":{"line":53,"column":9}}],"line":45},"1":{"loc":{"start":{"line":47,"column":14},"end":{"line":51,"column":15}},"type":"if","locations":[{"start":{"line":47,"column":14},"end":{"line":51,"column":15}},{"start":{"line":47,"column":14},"end":{"line":51,"column":15}}],"line":47},"2":{"loc":{"start":{"line":64,"column":8},"end":{"line":71,"column":9}},"type":"if","locations":[{"start":{"line":64,"column":8},"end":{"line":71,"column":9}},{"start":{"line":64,"column":8},"end":{"line":71,"column":9}}],"line":64}},"s":{"0":1,"1":3,"2":3,"3":3,"4":3,"5":3,"6":3,"7":3,"8":2,"9":2,"10":32,"11":16,"12":16,"13":3,"14":3,"15":3,"16":3,"17":39,"18":3,"19":2,"20":1,"21":3,"22":3,"23":3,"24":3,"25":3,"26":18,"27":3},"f":{"0":3,"1":3},"b":{"0":[2,1],"1":[16,16],"2":[2,1]},"_coverageSchema":"43e27e138ebf9cfc5966b082cf9a028302ed4184","hash":"0b327a854e02560febafcc545f0e294708af7531"}
}
