TN:
SF:C:\Users\Estudiante\Documents\LIM013-card-validation\LIM013-card-validation\src\validator.js
FN:29,(anonymous_0)
FN:76,(anonymous_1)
FNF:2
FNH:2
FNDA:3,(anonymous_0)
FNDA:3,(anonymous_1)
DA:28,1
DA:30,3
DA:31,3
DA:32,3
DA:33,3
DA:34,3
DA:35,3
DA:45,3
DA:46,2
DA:47,32
DA:48,16
DA:50,16
DA:57,3
DA:58,3
DA:60,3
DA:61,39
DA:64,3
DA:65,2
DA:69,1
DA:73,3
DA:78,3
DA:79,3
DA:81,3
DA:82,18
DA:84,3
LF:25
LH:25
BRDA:45,0,0,2
BRDA:45,0,1,1
BRDA:47,1,0,16
BRDA:47,1,1,16
BRDA:64,2,0,2
BRDA:64,2,1,1
BRF:6
BRH:6
end_of_record
